<?xml version="1.0" encoding="UTF-8"?>
<!-- Generated by org.testng.reporters.JUnitXMLReporter -->
<testsuite ignored="0" hostname="DESKTOP-8CID97K" failures="0" tests="1" name="Test" time="0.027" errors="0" timestamp="2022-05-23T11:00:09 IST">
  <testcase classname="testNG.CrossBrowserTesting" name="@BeforeTest openBrowser" time="-1.653283809279E9">
    <failure type="org.testng.TestNGException" message="
Parameter &amp;apos;browsers&amp;apos; is required by BeforeTest on method openBrowser but has not been marked @Optional or defined
in C:\Users\Karimbedu\eclipse-workspace\Vinay\crossBrowser.xml">
      <![CDATA[org.testng.TestNGException: 
Parameter 'browsers' is required by BeforeTest on method openBrowser but has not been marked @Optional or defined
in C:\Users\Karimbedu\eclipse-workspace\Vinay\crossBrowser.xml
... Removed 21 stack frames]]>
    </failure>
  </testcase> <!-- @BeforeTest openBrowser -->
  <testcase classname="testNG.CrossBrowserTesting" name="google" time="0.0">
    <skipped/>
  </testcase> <!-- google -->
</testsuite> <!-- Test -->
