<?xml version="1.0" encoding="UTF-8"?>
<testng-results ignored="0" total="1" passed="1" failed="0" skipped="0">
  <reporter-output>
  </reporter-output>
  <suite started-at="2022-05-24T14:34:02 IST" name="Default suite" finished-at="2022-05-24T14:34:19 IST" duration-ms="16384">
    <groups>
    </groups>
    <test started-at="2022-05-24T14:34:02 IST" name="Default test" finished-at="2022-05-24T14:34:19 IST" duration-ms="16384">
      <class name="log4J.Log4jDemo">
        <test-method signature="log4jmethod()[pri:0, instance:log4J.Log4jDemo@74751b3]" started-at="2022-05-24T14:34:02 IST" name="log4jmethod" finished-at="2022-05-24T14:34:19 IST" duration-ms="16318" status="PASS">
          <reporter-output>
          </reporter-output>
        </test-method> <!-- log4jmethod -->
      </class> <!-- log4J.Log4jDemo -->
    </test> <!-- Default test -->
  </suite> <!-- Default suite -->
</testng-results>
